<?xml version="1.0" encoding="UTF-8"?>
<testng-results ignored="0" total="1" passed="0" failed="1" skipped="0">
  <reporter-output>
  </reporter-output>
  <suite started-at="2024-06-11T09:08:32Z" name="Suite" finished-at="2024-06-11T09:10:24Z" duration-ms="111603">
    <groups>
    </groups>
    <test started-at="2024-06-11T09:08:32Z" name="Test" finished-at="2024-06-11T09:10:24Z" duration-ms="111603">
      <class name="expenseTravog.ExpenseManagementTripSheet">
        <test-method signature="Profiling1(java.lang.String, java.lang.String, java.lang.String, java.lang.String, java.lang.String, java.lang.String, java.lang.String, java.lang.String, java.lang.String, java.lang.String, java.lang.String, java.lang.String, java.lang.String, java.lang.String, java.lang.String, java.lang.String, java.lang.String, java.lang.String, java.lang.String, java.lang.String, java.lang.String, java.lang.String, java.lang.String, java.lang.String, java.lang.String, java.lang.String, java.lang.String, java.lang.String, java.lang.String, java.lang.String, java.lang.String, java.lang.String, java.lang.String, java.lang.String, java.lang.String, java.lang.String)[pri:0, instance:expenseTravog.ExpenseManagementTripSheet@46b61c56]" started-at="2024-06-11T14:38:33Z" name="Profiling1" data-provider="getexceldata" finished-at="2024-06-11T14:40:23Z" duration-ms="110264" status="FAIL">
          <params>
            <param index="0">
              <value>
                <![CDATA[Test Case 1]]>
              </value>
            </param>
            <param index="1">
              <value>
                <![CDATA[Trip with Flight Category]]>
              </value>
            </param>
            <param index="2">
              <value>
                <![CDATA[travog]]>
              </value>
            </param>
            <param index="3">
              <value>
                <![CDATA[//v12staging/travog//]]>
              </value>
            </param>
            <param index="4">
              <value>
                <![CDATA[shubham.natkar@quadlabs.com]]>
              </value>
            </param>
            <param index="5">
              <value>
                <![CDATA[#123Quadlabs]]>
              </value>
            </param>
            <param index="6">
              <value>
                <![CDATA[Dubai Tour 15]]>
              </value>
            </param>
            <param index="7">
              <value>
                <![CDATA[dxb]]>
              </value>
            </param>
            <param index="8">
              <value>
                <![CDATA[Dubai,United Arab Emirates - (DXB )]]>
              </value>
            </param>
            <param index="9">
              <value>
                <![CDATA[23-Jun-2024]]>
              </value>
            </param>
            <param index="10">
              <value>
                <![CDATA[26-Jun-2024]]>
              </value>
            </param>
            <param index="11">
              <value>
                <![CDATA[Business]]>
              </value>
            </param>
            <param index="12">
              <value>
                <![CDATA[QA CC]]>
              </value>
            </param>
            <param index="13">
              <value>
                <![CDATA[INR]]>
              </value>
            </param>
            <param index="14">
              <value>
                <![CDATA[INR]]>
              </value>
            </param>
            <param index="15">
              <value>
                <![CDATA[Test Project Name travog]]>
              </value>
            </param>
            <param index="16">
              <value>
                <![CDATA[500]]>
              </value>
            </param>
            <param index="17">
              <value>
                <![CDATA[1000]]>
              </value>
            </param>
            <param index="18">
              <value>
                <![CDATA[Test]]>
              </value>
            </param>
            <param index="19">
              <value>
                <![CDATA[Flight]]>
              </value>
            </param>
            <param index="20">
              <value>
                <![CDATA[Air India]]>
              </value>
            </param>
            <param index="21">
              <value>
                <![CDATA[23-Jun-2024]]>
              </value>
            </param>
            <param index="22">
              <value>
                <![CDATA[26-Jun-2024]]>
              </value>
            </param>
            <param index="23">
              <value>
                <![CDATA[INR]]>
              </value>
            </param>
            <param index="24">
              <value>
                <![CDATA[1500]]>
              </value>
            </param>
            <param index="25">
              <value>
                <![CDATA[QA Branch ( )]]>
              </value>
            </param>
            <param index="26">
              <value>
                <![CDATA[Adjusted from Per Diem Account]]>
              </value>
            </param>
            <param index="27">
              <value>
                <![CDATA[Test Sample]]>
              </value>
            </param>
            <param index="28">
              <value>
                <![CDATA[No]]>
              </value>
            </param>
            <param index="29">
              <value>
                <![CDATA[Car]]>
              </value>
            </param>
            <param index="30">
              <value>
                <![CDATA[del]]>
              </value>
            </param>
            <param index="31">
              <value>
                <![CDATA[DelhiIndia]]>
              </value>
            </param>
            <param index="32">
              <value>
                <![CDATA[bom]]>
              </value>
            </param>
            <param index="33">
              <value>
                <![CDATA[BombayMaharashtra, India]]>
              </value>
            </param>
            <param index="34">
              <value>
                <![CDATA[23-Jun-2024]]>
              </value>
            </param>
            <param index="35">
              <value>
                <![CDATA[24-Jun-2024]]>
              </value>
            </param>
          </params>
          <exception class="org.openqa.selenium.NoAlertPresentException">
            <message>
              <![CDATA[no such alert
  (Session info: chrome=125.0.6422.142)
Build info: version: '4.1.4', revision: '535d840ee2'
System info: host: 'ANKUR', ip: '192.168.111.156', os.name: 'Windows 10', os.arch: 'amd64', os.version: '10.0', java.version: '17.0.1'
Driver info: org.openqa.selenium.chrome.ChromeDriver
Command: [8e1c545ecf0337b17b74c25190593941, getAlertText {}]
Capabilities {acceptInsecureCerts: false, browserName: chrome, browserVersion: 125.0.6422.142, chrome: {chromedriverVersion: 125.0.6422.76 (67dcf7562b8f..., userDataDir: C:\Users\ANKUR~1.YAD\AppDat...}, fedcm:accounts: true, goog:chromeOptions: {debuggerAddress: localhost:52575}, javascriptEnabled: true, networkConnectionEnabled: false, pageLoadStrategy: normal, platform: WINDOWS, platformName: WINDOWS, proxy: Proxy(), se:cdp: ws://localhost:52575/devtoo..., se:cdpVersion: 125.0.6422.142, setWindowRect: true, strictFileInteractability: false, timeouts: {implicit: 0, pageLoad: 300000, script: 30000}, unhandledPromptBehavior: dismiss and notify, webauthn:extension:credBlob: true, webauthn:extension:largeBlob: true, webauthn:extension:minPinLength: true, webauthn:extension:prf: true, webauthn:virtualAuthenticators: true}
Session ID: 8e1c545ecf0337b17b74c25190593941]]>
            </message>
            <full-stacktrace>
              <![CDATA[org.openqa.selenium.NoAlertPresentException: no such alert
  (Session info: chrome=125.0.6422.142)
Build info: version: '4.1.4', revision: '535d840ee2'
System info: host: 'ANKUR', ip: '192.168.111.156', os.name: 'Windows 10', os.arch: 'amd64', os.version: '10.0', java.version: '17.0.1'
Driver info: org.openqa.selenium.chrome.ChromeDriver
Command: [8e1c545ecf0337b17b74c25190593941, getAlertText {}]
Capabilities {acceptInsecureCerts: false, browserName: chrome, browserVersion: 125.0.6422.142, chrome: {chromedriverVersion: 125.0.6422.76 (67dcf7562b8f..., userDataDir: C:\Users\ANKUR~1.YAD\AppDat...}, fedcm:accounts: true, goog:chromeOptions: {debuggerAddress: localhost:52575}, javascriptEnabled: true, networkConnectionEnabled: false, pageLoadStrategy: normal, platform: WINDOWS, platformName: WINDOWS, proxy: Proxy(), se:cdp: ws://localhost:52575/devtoo..., se:cdpVersion: 125.0.6422.142, setWindowRect: true, strictFileInteractability: false, timeouts: {implicit: 0, pageLoad: 300000, script: 30000}, unhandledPromptBehavior: dismiss and notify, webauthn:extension:credBlob: true, webauthn:extension:largeBlob: true, webauthn:extension:minPinLength: true, webauthn:extension:prf: true, webauthn:virtualAuthenticators: true}
Session ID: 8e1c545ecf0337b17b74c25190593941
	at java.base/jdk.internal.reflect.NativeConstructorAccessorImpl.newInstance0(Native Method)
	at java.base/jdk.internal.reflect.NativeConstructorAccessorImpl.newInstance(NativeConstructorAccessorImpl.java:77)
	at java.base/jdk.internal.reflect.DelegatingConstructorAccessorImpl.newInstance(DelegatingConstructorAccessorImpl.java:45)
	at java.base/java.lang.reflect.Constructor.newInstanceWithCaller(Constructor.java:499)
	at java.base/java.lang.reflect.Constructor.newInstance(Constructor.java:480)
	at org.openqa.selenium.remote.codec.w3c.W3CHttpResponseCodec.createException(W3CHttpResponseCodec.java:200)
	at org.openqa.selenium.remote.codec.w3c.W3CHttpResponseCodec.decode(W3CHttpResponseCodec.java:133)
	at org.openqa.selenium.remote.codec.w3c.W3CHttpResponseCodec.decode(W3CHttpResponseCodec.java:53)
	at org.openqa.selenium.remote.HttpCommandExecutor.execute(HttpCommandExecutor.java:184)
	at org.openqa.selenium.remote.service.DriverCommandExecutor.invokeExecute(DriverCommandExecutor.java:167)
	at org.openqa.selenium.remote.service.DriverCommandExecutor.execute(DriverCommandExecutor.java:142)
	at org.openqa.selenium.remote.RemoteWebDriver.execute(RemoteWebDriver.java:567)
	at org.openqa.selenium.remote.RemoteWebDriver.execute(RemoteWebDriver.java:622)
	at org.openqa.selenium.remote.RemoteWebDriver.execute(RemoteWebDriver.java:626)
	at org.openqa.selenium.remote.RemoteWebDriver$RemoteTargetLocator.alert(RemoteWebDriver.java:1119)
	at expenseTravog.ExpenseManagementTripSheet.expense1(ExpenseManagementTripSheet.java:593)
	at expenseTravog.ExpenseManagementTripSheet.Profiling1(ExpenseManagementTripSheet.java:110)
	at java.base/jdk.internal.reflect.NativeMethodAccessorImpl.invoke0(Native Method)
	at java.base/jdk.internal.reflect.NativeMethodAccessorImpl.invoke(NativeMethodAccessorImpl.java:77)
	at java.base/jdk.internal.reflect.DelegatingMethodAccessorImpl.invoke(DelegatingMethodAccessorImpl.java:43)
	at java.base/java.lang.reflect.Method.invoke(Method.java:568)
	at org.testng.internal.MethodInvocationHelper.invokeMethod(MethodInvocationHelper.java:104)
	at org.testng.internal.Invoker.invokeMethod(Invoker.java:645)
	at org.testng.internal.Invoker.invokeTestMethod(Invoker.java:851)
	at org.testng.internal.Invoker.invokeTestMethods(Invoker.java:1177)
	at org.testng.internal.TestMethodWorker.invokeTestMethods(TestMethodWorker.java:129)
	at org.testng.internal.TestMethodWorker.run(TestMethodWorker.java:112)
	at org.testng.TestRunner.privateRun(TestRunner.java:756)
	at org.testng.TestRunner.run(TestRunner.java:610)
	at org.testng.SuiteRunner.runTest(SuiteRunner.java:387)
	at org.testng.SuiteRunner.runSequentially(SuiteRunner.java:382)
	at org.testng.SuiteRunner.privateRun(SuiteRunner.java:340)
	at org.testng.SuiteRunner.run(SuiteRunner.java:289)
	at org.testng.SuiteRunnerWorker.runSuite(SuiteRunnerWorker.java:52)
	at org.testng.SuiteRunnerWorker.run(SuiteRunnerWorker.java:86)
	at org.testng.TestNG.runSuitesSequentially(TestNG.java:1293)
	at org.testng.TestNG.runSuitesLocally(TestNG.java:1218)
	at org.testng.TestNG.runSuites(TestNG.java:1133)
	at org.testng.TestNG.run(TestNG.java:1104)
	at org.testng.remote.AbstractRemoteTestNG.run(AbstractRemoteTestNG.java:115)
	at org.testng.remote.RemoteTestNG.initAndRun(RemoteTestNG.java:251)
	at org.testng.remote.RemoteTestNG.main(RemoteTestNG.java:77)
]]>
            </full-stacktrace>
          </exception> <!-- org.openqa.selenium.NoAlertPresentException -->
          <reporter-output>
          </reporter-output>
        </test-method> <!-- Profiling1 -->
        <test-method is-config="true" signature="afterMetod()[pri:0, instance:expenseTravog.ExpenseManagementTripSheet@46b61c56]" started-at="2024-06-11T14:40:24Z" name="afterMetod" finished-at="2024-06-11T14:40:24Z" duration-ms="265" status="PASS">
          <reporter-output>
          </reporter-output>
        </test-method> <!-- afterMetod -->
      </class> <!-- expenseTravog.ExpenseManagementTripSheet -->
    </test> <!-- Test -->
  </suite> <!-- Suite -->
</testng-results>
